# JRE version: Java(TM) SE Runtime Environment (8.0_131-b11) (build 1.8.0_131-b11)
# Java VM: Java HotSpot(TM) 64-Bit Server VM (25.131-b11 mixed mode windows-amd64 compressed oops)
Heap:
 PSYoungGen      total 203264K, used 135358K [0x00000000d6300000, 0x00000000e3b00000, 0x0000000100000000)
  eden space 191488K, 70% used [0x00000000d6300000,0x00000000de72f888,0x00000000e1e00000)
  from space 11776K, 0% used [0x00000000e2f80000,0x00000000e2f80000,0x00000000e3b00000)
  to   space 13312K, 0% used [0x00000000e2100000,0x00000000e2100000,0x00000000e2e00000)
 ParOldGen       total 96256K, used 16330K [0x0000000082800000, 0x0000000088600000, 0x00000000d6300000)
  object space 96256K, 16% used [0x0000000082800000,0x00000000837f2a18,0x0000000088600000)
 Metaspace       used 41066K, capacity 43080K, committed 43312K, reserved 1087488K
  class space    used 5273K, capacity 5618K, committed 5680K, reserved 1048576K
GC Heap History (10 events):
Event: 1.141 GC heap before
{Heap before GC invocations=4 (full 0):
 PSYoungGen      total 70656K, used 36167K [0x00000000d6300000, 0x00000000ded00000, 0x0000000100000000)
  eden space 65536K, 47% used [0x00000000d6300000,0x00000000d81525d0,0x00000000da300000)
  from space 5120K, 99% used [0x00000000da300000,0x00000000da7ff878,0x00000000da800000)
  to   space 5120K, 0% used [0x00000000de800000,0x00000000de800000,0x00000000ded00000)
 ParOldGen       total 86016K, used 4055K [0x0000000082800000, 0x0000000087c00000, 0x00000000d6300000)
  object space 86016K, 4% used [0x0000000082800000,0x0000000082bf5e98,0x0000000087c00000)
 Metaspace       used 20683K, capacity 21270K, committed 21296K, reserved 1067008K
  class space    used 2667K, capacity 2862K, committed 2864K, reserved 1048576K
Event: 1.148 GC heap after
Heap after GC invocations=4 (full 0):
 PSYoungGen      total 136192K, used 5098K [0x00000000d6300000, 0x00000000ded00000, 0x0000000100000000)
  eden space 131072K, 0% used [0x00000000d6300000,0x00000000d6300000,0x00000000de300000)
  from space 5120K, 99% used [0x00000000de800000,0x00000000decfab38,0x00000000ded00000)
  to   space 5120K, 0% used [0x00000000de300000,0x00000000de300000,0x00000000de800000)
 ParOldGen       total 86016K, used 6744K [0x0000000082800000, 0x0000000087c00000, 0x00000000d6300000)
  object space 86016K, 7% used [0x0000000082800000,0x0000000082e96358,0x0000000087c00000)
 Metaspace       used 20683K, capacity 21270K, committed 21296K, reserved 1067008K
  class space    used 2667K, capacity 2862K, committed 2864K, reserved 1048576K
}
Event: 1.148 GC heap before
{Heap before GC invocations=5 (full 1):
 PSYoungGen      total 136192K, used 5098K [0x00000000d6300000, 0x00000000ded00000, 0x0000000100000000)
  eden space 131072K, 0% used [0x00000000d6300000,0x00000000d6300000,0x00000000de300000)
  from space 5120K, 99% used [0x00000000de800000,0x00000000decfab38,0x00000000ded00000)
  to   space 5120K, 0% used [0x00000000de300000,0x00000000de300000,0x00000000de800000)
 ParOldGen       total 86016K, used 6744K [0x0000000082800000, 0x0000000087c00000, 0x00000000d6300000)
  object space 86016K, 7% used [0x0000000082800000,0x0000000082e96358,0x0000000087c00000)
 Metaspace       used 20683K, capacity 21270K, committed 21296K, reserved 1067008K
  class space    used 2667K, capacity 2862K, committed 2864K, reserved 1048576K
Event: 1.172 GC heap after
Heap after GC invocations=5 (full 1):
 PSYoungGen      total 136192K, used 0K [0x00000000d6300000, 0x00000000ded00000, 0x0000000100000000)
  eden space 131072K, 0% used [0x00000000d6300000,0x00000000d6300000,0x00000000de300000)
  from space 5120K, 0% used [0x00000000de800000,0x00000000de800000,0x00000000ded00000)
  to   space 5120K, 0% used [0x00000000de300000,0x00000000de300000,0x00000000de800000)
 ParOldGen       total 59904K, used 7599K [0x0000000082800000, 0x0000000086280000, 0x00000000d6300000)
  object space 59904K, 12% used [0x0000000082800000,0x0000000082f6be08,0x0000000086280000)
 Metaspace       used 20681K, capacity 21264K, committed 21296K, reserved 1067008K
  class space    used 2667K, capacity 2861K, committed 2864K, reserved 1048576K
}
Event: 2.336 GC heap before
{Heap before GC invocations=6 (full 1):
 PSYoungGen      total 136192K, used 131072K [0x00000000d6300000, 0x00000000ded00000, 0x0000000100000000)
  eden space 131072K, 100% used [0x00000000d6300000,0x00000000de300000,0x00000000de300000)
  from space 5120K, 0% used [0x00000000de800000,0x00000000de800000,0x00000000ded00000)
  to   space 5120K, 0% used [0x00000000de300000,0x00000000de300000,0x00000000de800000)
 ParOldGen       total 59904K, used 7599K [0x0000000082800000, 0x0000000086280000, 0x00000000d6300000)
  object space 59904K, 12% used [0x0000000082800000,0x0000000082f6be08,0x0000000086280000)
 Metaspace       used 28171K, capacity 29202K, committed 29488K, reserved 1075200K
  class space    used 3602K, capacity 3857K, committed 3888K, reserved 1048576K
Event: 2.343 GC heap after
Heap after GC invocations=6 (full 1):
 PSYoungGen      total 136192K, used 5108K [0x00000000d6300000, 0x00000000e3b00000, 0x0000000100000000)
  eden space 131072K, 0% used [0x00000000d6300000,0x00000000d6300000,0x00000000de300000)
  from space 5120K, 99% used [0x00000000de300000,0x00000000de7fd030,0x00000000de800000)
  to   space 11776K, 0% used [0x00000000e2f80000,0x00000000e2f80000,0x00000000e3b00000)
 ParOldGen       total 59904K, used 12739K [0x0000000082800000, 0x0000000086280000, 0x00000000d6300000)
  object space 59904K, 21% used [0x0000000082800000,0x0000000083470ff8,0x0000000086280000)
 Metaspace       used 28171K, capacity 29202K, committed 29488K, reserved 1075200K
  class space    used 3602K, capacity 3857K, committed 3888K, reserved 1048576K
}
Event: 3.680 GC heap before
{Heap before GC invocations=7 (full 1):
 PSYoungGen      total 136192K, used 86214K [0x00000000d6300000, 0x00000000e3b00000, 0x0000000100000000)
  eden space 131072K, 61% used [0x00000000d6300000,0x00000000db234a50,0x00000000de300000)
  from space 5120K, 99% used [0x00000000de300000,0x00000000de7fd030,0x00000000de800000)
  to   space 11776K, 0% used [0x00000000e2f80000,0x00000000e2f80000,0x00000000e3b00000)
 ParOldGen       total 59904K, used 12739K [0x0000000082800000, 0x0000000086280000, 0x00000000d6300000)
  object space 59904K, 21% used [0x0000000082800000,0x0000000083470ff8,0x0000000086280000)
 Metaspace       used 33864K, capacity 35376K, committed 35496K, reserved 1081344K
  class space    used 4313K, capacity 4630K, committed 4656K, reserved 1048576K
Event: 3.689 GC heap after
Heap after GC invocations=7 (full 1):
 PSYoungGen      total 203264K, used 11772K [0x00000000d6300000, 0x00000000e3b00000, 0x0000000100000000)
  eden space 191488K, 0% used [0x00000000d6300000,0x00000000d6300000,0x00000000e1e00000)
  from space 11776K, 99% used [0x00000000e2f80000,0x00000000e3aff2d0,0x00000000e3b00000)
  to   space 13312K, 0% used [0x00000000e2100000,0x00000000e2100000,0x00000000e2e00000)
 ParOldGen       total 59904K, used 12770K [0x0000000082800000, 0x0000000086280000, 0x00000000d6300000)
  object space 59904K, 21% used [0x0000000082800000,0x0000000083478ab0,0x0000000086280000)
 Metaspace       used 33864K, capacity 35376K, committed 35496K, reserved 1081344K
  class space    used 4313K, capacity 4630K, committed 4656K, reserved 1048576K
}
Event: 3.689 GC heap before
{Heap before GC invocations=8 (full 2):
 PSYoungGen      total 203264K, used 11772K [0x00000000d6300000, 0x00000000e3b00000, 0x0000000100000000)
  eden space 191488K, 0% used [0x00000000d6300000,0x00000000d6300000,0x00000000e1e00000)
  from space 11776K, 99% used [0x00000000e2f80000,0x00000000e3aff2d0,0x00000000e3b00000)
  to   space 13312K, 0% used [0x00000000e2100000,0x00000000e2100000,0x00000000e2e00000)
 ParOldGen       total 59904K, used 12770K [0x0000000082800000, 0x0000000086280000, 0x00000000d6300000)
  object space 59904K, 21% used [0x0000000082800000,0x0000000083478ab0,0x0000000086280000)
 Metaspace       used 33864K, capacity 35376K, committed 35496K, reserved 1081344K
  class space    used 4313K, capacity 4630K, committed 4656K, reserved 1048576K
Event: 3.742 GC heap after
Heap after GC invocations=8 (full 2):
 PSYoungGen      total 203264K, used 0K [0x00000000d6300000, 0x00000000e3b00000, 0x0000000100000000)
  eden space 191488K, 0% used [0x00000000d6300000,0x00000000d6300000,0x00000000e1e00000)
  from space 11776K, 0% used [0x00000000e2f80000,0x00000000e2f80000,0x00000000e3b00000)
  to   space 13312K, 0% used [0x00000000e2100000,0x00000000e2100000,0x00000000e2e00000)
 ParOldGen       total 96256K, used 16330K [0x0000000082800000, 0x0000000088600000, 0x00000000d6300000)
  object space 96256K, 16% used [0x0000000082800000,0x00000000837f2a18,0x0000000088600000)
 Metaspace       used 33864K, capacity 35376K, committed 35496K, reserved 1081344K
  class space    used 4313K, capacity 4630K, committed 4656K, reserved 1048576K
}

