# JRE version: Java(TM) SE Runtime Environment (8.0_131-b11) (build 1.8.0_131-b11)
# Java VM: Java HotSpot(TM) 64-Bit Server VM (25.131-b11 mixed mode windows-amd64 compressed oops)
Heap:
 PSYoungGen      total 202752K, used 151455K [0x00000000d6300000, 0x00000000e3a00000, 0x0000000100000000)
  eden space 190976K, 79% used [0x00000000d6300000,0x00000000df6e7f98,0x00000000e1d80000)
  from space 11776K, 0% used [0x00000000e2e80000,0x00000000e2e80000,0x00000000e3a00000)
  to   space 13312K, 0% used [0x00000000e2000000,0x00000000e2000000,0x00000000e2d00000)
 ParOldGen       total 96768K, used 16259K [0x0000000082800000, 0x0000000088680000, 0x00000000d6300000)
  object space 96768K, 16% used [0x0000000082800000,0x00000000837e0df0,0x0000000088680000)
 Metaspace       used 42444K, capacity 44510K, committed 44848K, reserved 1087488K
  class space    used 5467K, capacity 5823K, committed 5936K, reserved 1048576K
GC Heap History (10 events):
Event: 1.356 GC heap before
{Heap before GC invocations=4 (full 0):
 PSYoungGen      total 70656K, used 37264K [0x00000000d6300000, 0x00000000ded00000, 0x0000000100000000)
  eden space 65536K, 49% used [0x00000000d6300000,0x00000000d826a5c0,0x00000000da300000)
  from space 5120K, 99% used [0x00000000da300000,0x00000000da7f9a80,0x00000000da800000)
  to   space 5120K, 0% used [0x00000000de800000,0x00000000de800000,0x00000000ded00000)
 ParOldGen       total 86016K, used 4045K [0x0000000082800000, 0x0000000087c00000, 0x00000000d6300000)
  object space 86016K, 4% used [0x0000000082800000,0x0000000082bf3488,0x0000000087c00000)
 Metaspace       used 20677K, capacity 21242K, committed 21296K, reserved 1067008K
  class space    used 2656K, capacity 2828K, committed 2864K, reserved 1048576K
Event: 1.365 GC heap after
Heap after GC invocations=4 (full 0):
 PSYoungGen      total 136192K, used 5104K [0x00000000d6300000, 0x00000000ded00000, 0x0000000100000000)
  eden space 131072K, 0% used [0x00000000d6300000,0x00000000d6300000,0x00000000de300000)
  from space 5120K, 99% used [0x00000000de800000,0x00000000decfc060,0x00000000ded00000)
  to   space 5120K, 0% used [0x00000000de300000,0x00000000de300000,0x00000000de800000)
 ParOldGen       total 86016K, used 7031K [0x0000000082800000, 0x0000000087c00000, 0x00000000d6300000)
  object space 86016K, 8% used [0x0000000082800000,0x0000000082eddce0,0x0000000087c00000)
 Metaspace       used 20677K, capacity 21242K, committed 21296K, reserved 1067008K
  class space    used 2656K, capacity 2828K, committed 2864K, reserved 1048576K
}
Event: 1.365 GC heap before
{Heap before GC invocations=5 (full 1):
 PSYoungGen      total 136192K, used 5104K [0x00000000d6300000, 0x00000000ded00000, 0x0000000100000000)
  eden space 131072K, 0% used [0x00000000d6300000,0x00000000d6300000,0x00000000de300000)
  from space 5120K, 99% used [0x00000000de800000,0x00000000decfc060,0x00000000ded00000)
  to   space 5120K, 0% used [0x00000000de300000,0x00000000de300000,0x00000000de800000)
 ParOldGen       total 86016K, used 7031K [0x0000000082800000, 0x0000000087c00000, 0x00000000d6300000)
  object space 86016K, 8% used [0x0000000082800000,0x0000000082eddce0,0x0000000087c00000)
 Metaspace       used 20677K, capacity 21242K, committed 21296K, reserved 1067008K
  class space    used 2656K, capacity 2828K, committed 2864K, reserved 1048576K
Event: 1.391 GC heap after
Heap after GC invocations=5 (full 1):
 PSYoungGen      total 136192K, used 0K [0x00000000d6300000, 0x00000000ded00000, 0x0000000100000000)
  eden space 131072K, 0% used [0x00000000d6300000,0x00000000d6300000,0x00000000de300000)
  from space 5120K, 0% used [0x00000000de800000,0x00000000de800000,0x00000000ded00000)
  to   space 5120K, 0% used [0x00000000de300000,0x00000000de300000,0x00000000de800000)
 ParOldGen       total 60416K, used 7883K [0x0000000082800000, 0x0000000086300000, 0x00000000d6300000)
  object space 60416K, 13% used [0x0000000082800000,0x0000000082fb2f70,0x0000000086300000)
 Metaspace       used 20675K, capacity 21236K, committed 21296K, reserved 1067008K
  class space    used 2655K, capacity 2827K, committed 2864K, reserved 1048576K
}
Event: 2.807 GC heap before
{Heap before GC invocations=6 (full 1):
 PSYoungGen      total 136192K, used 131072K [0x00000000d6300000, 0x00000000ded00000, 0x0000000100000000)
  eden space 131072K, 100% used [0x00000000d6300000,0x00000000de300000,0x00000000de300000)
  from space 5120K, 0% used [0x00000000de800000,0x00000000de800000,0x00000000ded00000)
  to   space 5120K, 0% used [0x00000000de300000,0x00000000de300000,0x00000000de800000)
 ParOldGen       total 60416K, used 7883K [0x0000000082800000, 0x0000000086300000, 0x00000000d6300000)
  object space 60416K, 13% used [0x0000000082800000,0x0000000082fb2f70,0x0000000086300000)
 Metaspace       used 28182K, capacity 29218K, committed 29488K, reserved 1075200K
  class space    used 3594K, capacity 3857K, committed 3888K, reserved 1048576K
Event: 2.815 GC heap after
Heap after GC invocations=6 (full 1):
 PSYoungGen      total 136192K, used 5092K [0x00000000d6300000, 0x00000000e3a00000, 0x0000000100000000)
  eden space 131072K, 0% used [0x00000000d6300000,0x00000000d6300000,0x00000000de300000)
  from space 5120K, 99% used [0x00000000de300000,0x00000000de7f9040,0x00000000de800000)
  to   space 11776K, 0% used [0x00000000e2e80000,0x00000000e2e80000,0x00000000e3a00000)
 ParOldGen       total 60416K, used 12983K [0x0000000082800000, 0x0000000086300000, 0x00000000d6300000)
  object space 60416K, 21% used [0x0000000082800000,0x00000000834ade60,0x0000000086300000)
 Metaspace       used 28182K, capacity 29218K, committed 29488K, reserved 1075200K
  class space    used 3594K, capacity 3857K, committed 3888K, reserved 1048576K
}
Event: 4.236 GC heap before
{Heap before GC invocations=7 (full 1):
 PSYoungGen      total 136192K, used 86967K [0x00000000d6300000, 0x00000000e3a00000, 0x0000000100000000)
  eden space 131072K, 62% used [0x00000000d6300000,0x00000000db2f4e08,0x00000000de300000)
  from space 5120K, 99% used [0x00000000de300000,0x00000000de7f9040,0x00000000de800000)
  to   space 11776K, 0% used [0x00000000e2e80000,0x00000000e2e80000,0x00000000e3a00000)
 ParOldGen       total 60416K, used 12983K [0x0000000082800000, 0x0000000086300000, 0x00000000d6300000)
  object space 60416K, 21% used [0x0000000082800000,0x00000000834ade60,0x0000000086300000)
 Metaspace       used 33849K, capacity 35404K, committed 35496K, reserved 1081344K
  class space    used 4304K, capacity 4630K, committed 4656K, reserved 1048576K
Event: 4.246 GC heap after
Heap after GC invocations=7 (full 1):
 PSYoungGen      total 202752K, used 11733K [0x00000000d6300000, 0x00000000e3a00000, 0x0000000100000000)
  eden space 190976K, 0% used [0x00000000d6300000,0x00000000d6300000,0x00000000e1d80000)
  from space 11776K, 99% used [0x00000000e2e80000,0x00000000e39f5448,0x00000000e3a00000)
  to   space 13312K, 0% used [0x00000000e2000000,0x00000000e2000000,0x00000000e2d00000)
 ParOldGen       total 60416K, used 12991K [0x0000000082800000, 0x0000000086300000, 0x00000000d6300000)
  object space 60416K, 21% used [0x0000000082800000,0x00000000834afe60,0x0000000086300000)
 Metaspace       used 33849K, capacity 35404K, committed 35496K, reserved 1081344K
  class space    used 4304K, capacity 4630K, committed 4656K, reserved 1048576K
}
Event: 4.246 GC heap before
{Heap before GC invocations=8 (full 2):
 PSYoungGen      total 202752K, used 11733K [0x00000000d6300000, 0x00000000e3a00000, 0x0000000100000000)
  eden space 190976K, 0% used [0x00000000d6300000,0x00000000d6300000,0x00000000e1d80000)
  from space 11776K, 99% used [0x00000000e2e80000,0x00000000e39f5448,0x00000000e3a00000)
  to   space 13312K, 0% used [0x00000000e2000000,0x00000000e2000000,0x00000000e2d00000)
 ParOldGen       total 60416K, used 12991K [0x0000000082800000, 0x0000000086300000, 0x00000000d6300000)
  object space 60416K, 21% used [0x0000000082800000,0x00000000834afe60,0x0000000086300000)
 Metaspace       used 33849K, capacity 35404K, committed 35496K, reserved 1081344K
  class space    used 4304K, capacity 4630K, committed 4656K, reserved 1048576K
Event: 4.303 GC heap after
Heap after GC invocations=8 (full 2):
 PSYoungGen      total 202752K, used 0K [0x00000000d6300000, 0x00000000e3a00000, 0x0000000100000000)
  eden space 190976K, 0% used [0x00000000d6300000,0x00000000d6300000,0x00000000e1d80000)
  from space 11776K, 0% used [0x00000000e2e80000,0x00000000e2e80000,0x00000000e3a00000)
  to   space 13312K, 0% used [0x00000000e2000000,0x00000000e2000000,0x00000000e2d00000)
 ParOldGen       total 96768K, used 16259K [0x0000000082800000, 0x0000000088680000, 0x00000000d6300000)
  object space 96768K, 16% used [0x0000000082800000,0x00000000837e0df0,0x0000000088680000)
 Metaspace       used 33849K, capacity 35404K, committed 35496K, reserved 1081344K
  class space    used 4304K, capacity 4630K, committed 4656K, reserved 1048576K
}

