# JRE version: Java(TM) SE Runtime Environment (8.0_131-b11) (build 1.8.0_131-b11)
# Java VM: Java HotSpot(TM) 64-Bit Server VM (25.131-b11 mixed mode windows-amd64 compressed oops)
Heap:
 PSYoungGen      total 163328K, used 14807K [0x00000000d6300000, 0x00000000e3480000, 0x0000000100000000)
  eden space 152576K, 9% used [0x00000000d6300000,0x00000000d7175f58,0x00000000df800000)
  from space 10752K, 0% used [0x00000000e0380000,0x00000000e0380000,0x00000000e0e00000)
  to   space 11776K, 0% used [0x00000000df800000,0x00000000df800000,0x00000000e0380000)
 ParOldGen       total 87552K, used 14836K [0x0000000082800000, 0x0000000087d80000, 0x00000000d6300000)
  object space 87552K, 16% used [0x0000000082800000,0x000000008367d368,0x0000000087d80000)
 Metaspace       used 34831K, capacity 36424K, committed 36648K, reserved 1081344K
  class space    used 4430K, capacity 4742K, committed 4784K, reserved 1048576K
GC Heap History (10 events):
Event: 1.638 GC heap before
{Heap before GC invocations=6 (full 1):
 PSYoungGen      total 70656K, used 5098K [0x00000000d6300000, 0x00000000df400000, 0x0000000100000000)
  eden space 65536K, 0% used [0x00000000d6300000,0x00000000d6300000,0x00000000da300000)
  from space 5120K, 99% used [0x00000000da300000,0x00000000da7fa908,0x00000000da800000)
  to   space 8704K, 0% used [0x00000000deb80000,0x00000000deb80000,0x00000000df400000)
 ParOldGen       total 86016K, used 5797K [0x0000000082800000, 0x0000000087c00000, 0x00000000d6300000)
  object space 86016K, 6% used [0x0000000082800000,0x0000000082da9630,0x0000000087c00000)
 Metaspace       used 20594K, capacity 21166K, committed 21296K, reserved 1067008K
  class space    used 2639K, capacity 2818K, committed 2864K, reserved 1048576K
Event: 1.669 GC heap after
Heap after GC invocations=6 (full 1):
 PSYoungGen      total 70656K, used 0K [0x00000000d6300000, 0x00000000df400000, 0x0000000100000000)
  eden space 65536K, 0% used [0x00000000d6300000,0x00000000d6300000,0x00000000da300000)
  from space 5120K, 0% used [0x00000000da300000,0x00000000da300000,0x00000000da800000)
  to   space 8704K, 0% used [0x00000000deb80000,0x00000000deb80000,0x00000000df400000)
 ParOldGen       total 57344K, used 7512K [0x0000000082800000, 0x0000000086000000, 0x00000000d6300000)
  object space 57344K, 13% used [0x0000000082800000,0x0000000082f56148,0x0000000086000000)
 Metaspace       used 20593K, capacity 21160K, committed 21296K, reserved 1067008K
  class space    used 2638K, capacity 2817K, committed 2864K, reserved 1048576K
}
Event: 2.303 GC heap before
{Heap before GC invocations=7 (full 1):
 PSYoungGen      total 70656K, used 65536K [0x00000000d6300000, 0x00000000df400000, 0x0000000100000000)
  eden space 65536K, 100% used [0x00000000d6300000,0x00000000da300000,0x00000000da300000)
  from space 5120K, 0% used [0x00000000da300000,0x00000000da300000,0x00000000da800000)
  to   space 8704K, 0% used [0x00000000deb80000,0x00000000deb80000,0x00000000df400000)
 ParOldGen       total 57344K, used 7512K [0x0000000082800000, 0x0000000086000000, 0x00000000d6300000)
  object space 57344K, 13% used [0x0000000082800000,0x0000000082f56148,0x0000000086000000)
 Metaspace       used 24423K, capacity 25314K, committed 25392K, reserved 1071104K
  class space    used 3111K, capacity 3309K, committed 3376K, reserved 1048576K
Event: 2.309 GC heap after
Heap after GC invocations=7 (full 1):
 PSYoungGen      total 108032K, used 5398K [0x00000000d6300000, 0x00000000df100000, 0x0000000100000000)
  eden space 102400K, 0% used [0x00000000d6300000,0x00000000d6300000,0x00000000dc700000)
  from space 5632K, 95% used [0x00000000deb80000,0x00000000df0c5b70,0x00000000df100000)
  to   space 8704K, 0% used [0x00000000de000000,0x00000000de000000,0x00000000de880000)
 ParOldGen       total 57344K, used 7584K [0x0000000082800000, 0x0000000086000000, 0x00000000d6300000)
  object space 57344K, 13% used [0x0000000082800000,0x0000000082f68158,0x0000000086000000)
 Metaspace       used 24423K, capacity 25314K, committed 25392K, reserved 1071104K
  class space    used 3111K, capacity 3309K, committed 3376K, reserved 1048576K
}
Event: 4.513 GC heap before
{Heap before GC invocations=8 (full 1):
 PSYoungGen      total 108032K, used 107798K [0x00000000d6300000, 0x00000000df100000, 0x0000000100000000)
  eden space 102400K, 100% used [0x00000000d6300000,0x00000000dc700000,0x00000000dc700000)
  from space 5632K, 95% used [0x00000000deb80000,0x00000000df0c5b70,0x00000000df100000)
  to   space 8704K, 0% used [0x00000000de000000,0x00000000de000000,0x00000000de880000)
 ParOldGen       total 57344K, used 7584K [0x0000000082800000, 0x0000000086000000, 0x00000000d6300000)
  object space 57344K, 13% used [0x0000000082800000,0x0000000082f68158,0x0000000086000000)
 Metaspace       used 30880K, capacity 32398K, committed 32560K, reserved 1077248K
  class space    used 3971K, capacity 4291K, committed 4400K, reserved 1048576K
Event: 4.521 GC heap after
Heap after GC invocations=8 (full 1):
 PSYoungGen      total 136704K, used 8692K [0x00000000d6300000, 0x00000000e0e00000, 0x0000000100000000)
  eden space 128000K, 0% used [0x00000000d6300000,0x00000000d6300000,0x00000000de000000)
  from space 8704K, 99% used [0x00000000de000000,0x00000000de87d310,0x00000000de880000)
  to   space 10752K, 0% used [0x00000000e0380000,0x00000000e0380000,0x00000000e0e00000)
 ParOldGen       total 57344K, used 10078K [0x0000000082800000, 0x0000000086000000, 0x00000000d6300000)
  object space 57344K, 17% used [0x0000000082800000,0x00000000831d79a0,0x0000000086000000)
 Metaspace       used 30880K, capacity 32398K, committed 32560K, reserved 1077248K
  class space    used 3971K, capacity 4291K, committed 4400K, reserved 1048576K
}
Event: 4.966 GC heap before
{Heap before GC invocations=9 (full 1):
 PSYoungGen      total 136704K, used 53416K [0x00000000d6300000, 0x00000000e0e00000, 0x0000000100000000)
  eden space 128000K, 34% used [0x00000000d6300000,0x00000000d8eaced0,0x00000000de000000)
  from space 8704K, 99% used [0x00000000de000000,0x00000000de87d310,0x00000000de880000)
  to   space 10752K, 0% used [0x00000000e0380000,0x00000000e0380000,0x00000000e0e00000)
 ParOldGen       total 57344K, used 10078K [0x0000000082800000, 0x0000000086000000, 0x00000000d6300000)
  object space 57344K, 17% used [0x0000000082800000,0x00000000831d79a0,0x0000000086000000)
 Metaspace       used 33842K, capacity 35370K, committed 35496K, reserved 1081344K
  class space    used 4303K, capacity 4629K, committed 4656K, reserved 1048576K
Event: 4.974 GC heap after
Heap after GC invocations=9 (full 1):
 PSYoungGen      total 163328K, used 10352K [0x00000000d6300000, 0x00000000e3480000, 0x0000000100000000)
  eden space 152576K, 0% used [0x00000000d6300000,0x00000000d6300000,0x00000000df800000)
  from space 10752K, 96% used [0x00000000e0380000,0x00000000e0d9c050,0x00000000e0e00000)
  to   space 11776K, 0% used [0x00000000df800000,0x00000000df800000,0x00000000e0380000)
 ParOldGen       total 57344K, used 10086K [0x0000000082800000, 0x0000000086000000, 0x00000000d6300000)
  object space 57344K, 17% used [0x0000000082800000,0x00000000831d99a0,0x0000000086000000)
 Metaspace       used 33842K, capacity 35370K, committed 35496K, reserved 1081344K
  class space    used 4303K, capacity 4629K, committed 4656K, reserved 1048576K
}
Event: 4.974 GC heap before
{Heap before GC invocations=10 (full 2):
 PSYoungGen      total 163328K, used 10352K [0x00000000d6300000, 0x00000000e3480000, 0x0000000100000000)
  eden space 152576K, 0% used [0x00000000d6300000,0x00000000d6300000,0x00000000df800000)
  from space 10752K, 96% used [0x00000000e0380000,0x00000000e0d9c050,0x00000000e0e00000)
  to   space 11776K, 0% used [0x00000000df800000,0x00000000df800000,0x00000000e0380000)
 ParOldGen       total 57344K, used 10086K [0x0000000082800000, 0x0000000086000000, 0x00000000d6300000)
  object space 57344K, 17% used [0x0000000082800000,0x00000000831d99a0,0x0000000086000000)
 Metaspace       used 33842K, capacity 35370K, committed 35496K, reserved 1081344K
  class space    used 4303K, capacity 4629K, committed 4656K, reserved 1048576K
Event: 5.028 GC heap after
Heap after GC invocations=10 (full 2):
 PSYoungGen      total 163328K, used 0K [0x00000000d6300000, 0x00000000e3480000, 0x0000000100000000)
  eden space 152576K, 0% used [0x00000000d6300000,0x00000000d6300000,0x00000000df800000)
  from space 10752K, 0% used [0x00000000e0380000,0x00000000e0380000,0x00000000e0e00000)
  to   space 11776K, 0% used [0x00000000df800000,0x00000000df800000,0x00000000e0380000)
 ParOldGen       total 87552K, used 14836K [0x0000000082800000, 0x0000000087d80000, 0x00000000d6300000)
  object space 87552K, 16% used [0x0000000082800000,0x000000008367d368,0x0000000087d80000)
 Metaspace       used 33842K, capacity 35370K, committed 35496K, reserved 1081344K
  class space    used 4303K, capacity 4629K, committed 4656K, reserved 1048576K
}

